<?xml version="1.0" encoding="UTF-8"?>
<!-- Generated by org.testng.reporters.JUnitXMLReporter -->
<testsuite ignored="0" hostname="RAJAKD03" failures="0" tests="2" name="Error Validation  Suits" time="35.228" errors="0" timestamp="2024-11-10T12:25:05 IST">
  <testcase classname="Package.Test.ErrorValidations" name="LoginValidationFailCheck" time="3.568"/>
  <testcase classname="Package.Test.ErrorValidations" name="ProductErrorValidationCart" time="11.161"/>
</testsuite> <!-- Error Validation  Suits -->
